{"C:\\Users\\Tengera\\Documents\\ft-node-endpoints\\learn-express\\src\\index.js": {"path":"C:\\Users\\Tengera\\Documents\\ft-node-endpoints\\learn-express\\src\\index.js","statementMap":{"0":{"start":{"line":16,"column":15},"end":{"line":16,"column":24}},"1":{"start":{"line":17,"column":3},"end":{"line":56,"column":3}},"2":{"start":{"line":21,"column":2},"end":{"line":23,"column":6}},"3":{"start":{"line":24,"column":2},"end":{"line":24,"column":25}},"4":{"start":{"line":25,"column":20},"end":{"line":25,"column":31}},"5":{"start":{"line":26,"column":21},"end":{"line":30,"column":5}},"6":{"start":{"line":31,"column":4},"end":{"line":43,"column":8}},"7":{"start":{"line":33,"column":3},"end":{"line":42,"column":6}},"8":{"start":{"line":34,"column":5},"end":{"line":36,"column":6}},"9":{"start":{"line":35,"column":4},"end":{"line":35,"column":28}},"10":{"start":{"line":37,"column":5},"end":{"line":41,"column":6}},"11":{"start":{"line":38,"column":4},"end":{"line":38,"column":28}},"12":{"start":{"line":40,"column":4},"end":{"line":40,"column":29}},"13":{"start":{"line":45,"column":2},"end":{"line":45,"column":39}},"14":{"start":{"line":46,"column":5},"end":{"line":46,"column":48}},"15":{"start":{"line":47,"column":8},"end":{"line":47,"column":47}},"16":{"start":{"line":48,"column":2},"end":{"line":48,"column":44}},"17":{"start":{"line":49,"column":2},"end":{"line":49,"column":44}},"18":{"start":{"line":53,"column":2},"end":{"line":55,"column":5}}},"fnMap":{"0":{"name":"(anonymous_0)","decl":{"start":{"line":19,"column":7},"end":{"line":19,"column":8}},"loc":{"start":{"line":19,"column":13},"end":{"line":56,"column":2}},"line":19},"1":{"name":"(anonymous_1)","decl":{"start":{"line":31,"column":42},"end":{"line":31,"column":43}},"loc":{"start":{"line":31,"column":70},"end":{"line":43,"column":5}},"line":31},"2":{"name":"(anonymous_2)","decl":{"start":{"line":33,"column":46},"end":{"line":33,"column":47}},"loc":{"start":{"line":33,"column":66},"end":{"line":42,"column":4}},"line":33},"3":{"name":"(anonymous_3)","decl":{"start":{"line":53,"column":19},"end":{"line":53,"column":20}},"loc":{"start":{"line":53,"column":24},"end":{"line":55,"column":3}},"line":53}},"branchMap":{"0":{"loc":{"start":{"line":34,"column":5},"end":{"line":36,"column":6}},"type":"if","locations":[{"start":{"line":34,"column":5},"end":{"line":36,"column":6}},{"start":{},"end":{}}],"line":34},"1":{"loc":{"start":{"line":37,"column":5},"end":{"line":41,"column":6}},"type":"if","locations":[{"start":{"line":37,"column":5},"end":{"line":41,"column":6}},{"start":{"line":39,"column":12},"end":{"line":41,"column":6}}],"line":37}},"s":{"0":1,"1":1,"2":1,"3":1,"4":1,"5":1,"6":1,"7":0,"8":0,"9":0,"10":0,"11":0,"12":0,"13":1,"14":1,"15":1,"16":1,"17":1,"18":1},"f":{"0":1,"1":0,"2":0,"3":1},"b":{"0":[0,0],"1":[0,0]},"_coverageSchema":"1a1c01bbd47fc00a2c39e90264f33305004495a9","hash":"2beebdb66014bc40447fde2b7f7562b6b53bc79d"}
,"C:\\Users\\Tengera\\Documents\\ft-node-endpoints\\learn-express\\src\\controler\\blogControler.js": {"path":"C:\\Users\\Tengera\\Documents\\ft-node-endpoints\\learn-express\\src\\controler\\blogControler.js","statementMap":{"0":{"start":{"line":7,"column":19},"end":{"line":12,"column":3}},"1":{"start":{"line":8,"column":16},"end":{"line":8,"column":33}},"2":{"start":{"line":10,"column":2},"end":{"line":10,"column":36}},"3":{"start":{"line":14,"column":19},"end":{"line":36,"column":4}},"4":{"start":{"line":15,"column":4},"end":{"line":34,"column":4}},"5":{"start":{"line":16,"column":4},"end":{"line":31,"column":4}},"6":{"start":{"line":17,"column":4},"end":{"line":17,"column":77}},"7":{"start":{"line":18,"column":11},"end":{"line":31,"column":4}},"8":{"start":{"line":19,"column":4},"end":{"line":19,"column":65}},"9":{"start":{"line":21,"column":17},"end":{"line":26,"column":5}},"10":{"start":{"line":28,"column":3},"end":{"line":28,"column":21}},"11":{"start":{"line":29,"column":3},"end":{"line":29,"column":30}},"12":{"start":{"line":33,"column":3},"end":{"line":33,"column":58}},"13":{"start":{"line":38,"column":26},"end":{"line":46,"column":5}},"14":{"start":{"line":39,"column":17},"end":{"line":43,"column":5}},"15":{"start":{"line":45,"column":4},"end":{"line":45,"column":36}},"16":{"start":{"line":48,"column":24},"end":{"line":59,"column":5}},"17":{"start":{"line":49,"column":4},"end":{"line":58,"column":5}},"18":{"start":{"line":50,"column":17},"end":{"line":50,"column":59}},"19":{"start":{"line":51,"column":4},"end":{"line":55,"column":5}},"20":{"start":{"line":52,"column":4},"end":{"line":52,"column":53}},"21":{"start":{"line":54,"column":4},"end":{"line":54,"column":19}},"22":{"start":{"line":57,"column":4},"end":{"line":57,"column":60}},"23":{"start":{"line":75,"column":23},"end":{"line":103,"column":5}},"24":{"start":{"line":76,"column":4},"end":{"line":102,"column":5}},"25":{"start":{"line":77,"column":17},"end":{"line":77,"column":59}},"26":{"start":{"line":78,"column":4},"end":{"line":80,"column":5}},"27":{"start":{"line":79,"column":8},"end":{"line":79,"column":65}},"28":{"start":{"line":82,"column":4},"end":{"line":84,"column":5}},"29":{"start":{"line":83,"column":8},"end":{"line":83,"column":36}},"30":{"start":{"line":86,"column":4},"end":{"line":88,"column":5}},"31":{"start":{"line":87,"column":8},"end":{"line":87,"column":40}},"32":{"start":{"line":90,"column":4},"end":{"line":92,"column":5}},"33":{"start":{"line":91,"column":8},"end":{"line":91,"column":40}},"34":{"start":{"line":94,"column":4},"end":{"line":96,"column":5}},"35":{"start":{"line":95,"column":8},"end":{"line":95,"column":36}},"36":{"start":{"line":98,"column":4},"end":{"line":98,"column":22}},"37":{"start":{"line":99,"column":4},"end":{"line":99,"column":19}},"38":{"start":{"line":101,"column":4},"end":{"line":101,"column":58}},"39":{"start":{"line":105,"column":29},"end":{"line":117,"column":5}},"40":{"start":{"line":106,"column":4},"end":{"line":116,"column":5}},"41":{"start":{"line":107,"column":17},"end":{"line":107,"column":59}},"42":{"start":{"line":108,"column":4},"end":{"line":113,"column":5}},"43":{"start":{"line":109,"column":4},"end":{"line":109,"column":43}},"44":{"start":{"line":111,"column":4},"end":{"line":111,"column":49}},"45":{"start":{"line":112,"column":4},"end":{"line":112,"column":54}},"46":{"start":{"line":115,"column":4},"end":{"line":115,"column":58}}},"fnMap":{"0":{"name":"(anonymous_0)","decl":{"start":{"line":7,"column":19},"end":{"line":7,"column":20}},"loc":{"start":{"line":7,"column":37},"end":{"line":12,"column":3}},"line":7},"1":{"name":"(anonymous_1)","decl":{"start":{"line":14,"column":19},"end":{"line":14,"column":20}},"loc":{"start":{"line":14,"column":39},"end":{"line":36,"column":4}},"line":14},"2":{"name":"(anonymous_2)","decl":{"start":{"line":38,"column":26},"end":{"line":38,"column":27}},"loc":{"start":{"line":38,"column":46},"end":{"line":46,"column":5}},"line":38},"3":{"name":"(anonymous_3)","decl":{"start":{"line":48,"column":24},"end":{"line":48,"column":25}},"loc":{"start":{"line":48,"column":43},"end":{"line":59,"column":5}},"line":48},"4":{"name":"(anonymous_4)","decl":{"start":{"line":75,"column":23},"end":{"line":75,"column":24}},"loc":{"start":{"line":75,"column":43},"end":{"line":103,"column":5}},"line":75},"5":{"name":"(anonymous_5)","decl":{"start":{"line":105,"column":29},"end":{"line":105,"column":30}},"loc":{"start":{"line":105,"column":49},"end":{"line":117,"column":5}},"line":105}},"branchMap":{"0":{"loc":{"start":{"line":16,"column":4},"end":{"line":31,"column":4}},"type":"if","locations":[{"start":{"line":16,"column":4},"end":{"line":31,"column":4}},{"start":{"line":18,"column":11},"end":{"line":31,"column":4}}],"line":16},"1":{"loc":{"start":{"line":16,"column":8},"end":{"line":16,"column":65}},"type":"binary-expr","locations":[{"start":{"line":16,"column":8},"end":{"line":16,"column":23}},{"start":{"line":16,"column":27},"end":{"line":16,"column":44}},{"start":{"line":16,"column":48},"end":{"line":16,"column":65}}],"line":16},"2":{"loc":{"start":{"line":18,"column":11},"end":{"line":31,"column":4}},"type":"if","locations":[{"start":{"line":18,"column":11},"end":{"line":31,"column":4}},{"start":{"line":20,"column":11},"end":{"line":31,"column":4}}],"line":18},"3":{"loc":{"start":{"line":51,"column":4},"end":{"line":55,"column":5}},"type":"if","locations":[{"start":{"line":51,"column":4},"end":{"line":55,"column":5}},{"start":{"line":53,"column":11},"end":{"line":55,"column":5}}],"line":51},"4":{"loc":{"start":{"line":78,"column":4},"end":{"line":80,"column":5}},"type":"if","locations":[{"start":{"line":78,"column":4},"end":{"line":80,"column":5}},{"start":{},"end":{}}],"line":78},"5":{"loc":{"start":{"line":82,"column":4},"end":{"line":84,"column":5}},"type":"if","locations":[{"start":{"line":82,"column":4},"end":{"line":84,"column":5}},{"start":{},"end":{}}],"line":82},"6":{"loc":{"start":{"line":86,"column":4},"end":{"line":88,"column":5}},"type":"if","locations":[{"start":{"line":86,"column":4},"end":{"line":88,"column":5}},{"start":{},"end":{}}],"line":86},"7":{"loc":{"start":{"line":90,"column":4},"end":{"line":92,"column":5}},"type":"if","locations":[{"start":{"line":90,"column":4},"end":{"line":92,"column":5}},{"start":{},"end":{}}],"line":90},"8":{"loc":{"start":{"line":94,"column":4},"end":{"line":96,"column":5}},"type":"if","locations":[{"start":{"line":94,"column":4},"end":{"line":96,"column":5}},{"start":{},"end":{}}],"line":94},"9":{"loc":{"start":{"line":108,"column":4},"end":{"line":113,"column":5}},"type":"if","locations":[{"start":{"line":108,"column":4},"end":{"line":113,"column":5}},{"start":{"line":110,"column":11},"end":{"line":113,"column":5}}],"line":108}},"s":{"0":1,"1":1,"2":1,"3":1,"4":1,"5":1,"6":1,"7":0,"8":0,"9":0,"10":0,"11":0,"12":0,"13":1,"14":0,"15":0,"16":1,"17":0,"18":0,"19":0,"20":0,"21":0,"22":0,"23":1,"24":0,"25":0,"26":0,"27":0,"28":0,"29":0,"30":0,"31":0,"32":0,"33":0,"34":0,"35":0,"36":0,"37":0,"38":0,"39":1,"40":0,"41":0,"42":0,"43":0,"44":0,"45":0,"46":0},"f":{"0":1,"1":1,"2":0,"3":0,"4":0,"5":0},"b":{"0":[1,0],"1":[1,0,0],"2":[0,0],"3":[0,0],"4":[0,0],"5":[0,0],"6":[0,0],"7":[0,0],"8":[0,0],"9":[0,0]},"_coverageSchema":"1a1c01bbd47fc00a2c39e90264f33305004495a9","hash":"53ffaa223db0609b46cbf0e06c58b89408ce944c"}
,"C:\\Users\\Tengera\\Documents\\ft-node-endpoints\\learn-express\\src\\controler\\commentControler.js": {"path":"C:\\Users\\Tengera\\Documents\\ft-node-endpoints\\learn-express\\src\\controler\\commentControler.js","statementMap":{"0":{"start":{"line":5,"column":22},"end":{"line":10,"column":4}},"1":{"start":{"line":7,"column":21},"end":{"line":7,"column":72}},"2":{"start":{"line":8,"column":4},"end":{"line":8,"column":22}},"3":{"start":{"line":12,"column":24},"end":{"line":24,"column":4}},"4":{"start":{"line":14,"column":20},"end":{"line":18,"column":5}},"5":{"start":{"line":20,"column":3},"end":{"line":20,"column":23}},"6":{"start":{"line":22,"column":3},"end":{"line":22,"column":39}},"7":{"start":{"line":26,"column":30},"end":{"line":33,"column":4}},"8":{"start":{"line":28,"column":21},"end":{"line":29,"column":29}},"9":{"start":{"line":31,"column":4},"end":{"line":31,"column":41}},"10":{"start":{"line":36,"column":22},"end":{"line":51,"column":4}},"11":{"start":{"line":37,"column":5},"end":{"line":50,"column":6}},"12":{"start":{"line":38,"column":24},"end":{"line":39,"column":33}},"13":{"start":{"line":40,"column":8},"end":{"line":45,"column":9}},"14":{"start":{"line":41,"column":10},"end":{"line":41,"column":27}},"15":{"start":{"line":44,"column":10},"end":{"line":44,"column":69}},"16":{"start":{"line":49,"column":7},"end":{"line":49,"column":59}},"17":{"start":{"line":53,"column":24},"end":{"line":69,"column":3}},"18":{"start":{"line":54,"column":4},"end":{"line":68,"column":5}},"19":{"start":{"line":55,"column":26},"end":{"line":55,"column":84}},"20":{"start":{"line":56,"column":6},"end":{"line":64,"column":7}},"21":{"start":{"line":58,"column":8},"end":{"line":58,"column":49}},"22":{"start":{"line":63,"column":6},"end":{"line":63,"column":66}},"23":{"start":{"line":67,"column":6},"end":{"line":67,"column":60}}},"fnMap":{"0":{"name":"(anonymous_0)","decl":{"start":{"line":5,"column":22},"end":{"line":5,"column":23}},"loc":{"start":{"line":5,"column":39},"end":{"line":10,"column":4}},"line":5},"1":{"name":"(anonymous_1)","decl":{"start":{"line":12,"column":24},"end":{"line":12,"column":25}},"loc":{"start":{"line":12,"column":41},"end":{"line":24,"column":4}},"line":12},"2":{"name":"(anonymous_2)","decl":{"start":{"line":26,"column":30},"end":{"line":26,"column":31}},"loc":{"start":{"line":26,"column":48},"end":{"line":33,"column":4}},"line":26},"3":{"name":"(anonymous_3)","decl":{"start":{"line":36,"column":22},"end":{"line":36,"column":23}},"loc":{"start":{"line":36,"column":39},"end":{"line":51,"column":4}},"line":36},"4":{"name":"(anonymous_4)","decl":{"start":{"line":53,"column":24},"end":{"line":53,"column":25}},"loc":{"start":{"line":53,"column":41},"end":{"line":69,"column":3}},"line":53}},"branchMap":{"0":{"loc":{"start":{"line":40,"column":8},"end":{"line":45,"column":9}},"type":"if","locations":[{"start":{"line":40,"column":8},"end":{"line":45,"column":9}},{"start":{"line":43,"column":12},"end":{"line":45,"column":9}}],"line":40},"1":{"loc":{"start":{"line":56,"column":6},"end":{"line":64,"column":7}},"type":"if","locations":[{"start":{"line":56,"column":6},"end":{"line":64,"column":7}},{"start":{"line":62,"column":10},"end":{"line":64,"column":7}}],"line":56}},"s":{"0":1,"1":0,"2":0,"3":1,"4":0,"5":0,"6":0,"7":1,"8":0,"9":0,"10":1,"11":0,"12":0,"13":0,"14":0,"15":0,"16":0,"17":1,"18":0,"19":0,"20":0,"21":0,"22":0,"23":0},"f":{"0":0,"1":0,"2":0,"3":0,"4":0},"b":{"0":[0,0],"1":[0,0]},"_coverageSchema":"1a1c01bbd47fc00a2c39e90264f33305004495a9","hash":"34520d8eab3ec7d6e3dca600fba7efebbc5b8a8d"}
,"C:\\Users\\Tengera\\Documents\\ft-node-endpoints\\learn-express\\src\\controler\\loginControler.js": {"path":"C:\\Users\\Tengera\\Documents\\ft-node-endpoints\\learn-express\\src\\controler\\loginControler.js","statementMap":{"0":{"start":{"line":6,"column":28},"end":{"line":24,"column":9}},"1":{"start":{"line":7,"column":22},"end":{"line":7,"column":26}},"2":{"start":{"line":8,"column":8},"end":{"line":22,"column":9}},"3":{"start":{"line":9,"column":26},"end":{"line":9,"column":105}},"4":{"start":{"line":11,"column":8},"end":{"line":17,"column":9}},"5":{"start":{"line":12,"column":30},"end":{"line":12,"column":41}},"6":{"start":{"line":13,"column":26},"end":{"line":13,"column":111}},"7":{"start":{"line":14,"column":12},"end":{"line":14,"column":44}},"8":{"start":{"line":16,"column":9},"end":{"line":16,"column":66}},"9":{"start":{"line":21,"column":9},"end":{"line":21,"column":69}}},"fnMap":{"0":{"name":"(anonymous_0)","decl":{"start":{"line":6,"column":28},"end":{"line":6,"column":29}},"loc":{"start":{"line":6,"column":46},"end":{"line":24,"column":9}},"line":6}},"branchMap":{"0":{"loc":{"start":{"line":11,"column":8},"end":{"line":17,"column":9}},"type":"if","locations":[{"start":{"line":11,"column":8},"end":{"line":17,"column":9}},{"start":{"line":15,"column":13},"end":{"line":17,"column":9}}],"line":11}},"s":{"0":1,"1":0,"2":0,"3":0,"4":0,"5":0,"6":0,"7":0,"8":0,"9":0},"f":{"0":0},"b":{"0":[0,0]},"_coverageSchema":"1a1c01bbd47fc00a2c39e90264f33305004495a9","hash":"e562acb54d9e68b45c4753a6b629c2bab68e14bd"}
,"C:\\Users\\Tengera\\Documents\\ft-node-endpoints\\learn-express\\src\\controler\\messageControler.js": {"path":"C:\\Users\\Tengera\\Documents\\ft-node-endpoints\\learn-express\\src\\controler\\messageControler.js","statementMap":{"0":{"start":{"line":4,"column":23},"end":{"line":7,"column":4}},"1":{"start":{"line":5,"column":19},"end":{"line":5,"column":39}},"2":{"start":{"line":6,"column":1},"end":{"line":6,"column":18}},"3":{"start":{"line":10,"column":23},"end":{"line":24,"column":2}},"4":{"start":{"line":11,"column":3},"end":{"line":22,"column":6}},"5":{"start":{"line":12,"column":23},"end":{"line":16,"column":4}},"6":{"start":{"line":17,"column":2},"end":{"line":17,"column":22}},"7":{"start":{"line":18,"column":2},"end":{"line":18,"column":19}},"8":{"start":{"line":21,"column":5},"end":{"line":21,"column":62}},"9":{"start":{"line":26,"column":28},"end":{"line":38,"column":7}},"10":{"start":{"line":27,"column":6},"end":{"line":37,"column":7}},"11":{"start":{"line":28,"column":22},"end":{"line":28,"column":66}},"12":{"start":{"line":29,"column":6},"end":{"line":33,"column":7}},"13":{"start":{"line":30,"column":6},"end":{"line":30,"column":23}},"14":{"start":{"line":32,"column":6},"end":{"line":32,"column":57}},"15":{"start":{"line":36,"column":6},"end":{"line":36,"column":58}},"16":{"start":{"line":41,"column":28},"end":{"line":52,"column":10}},"17":{"start":{"line":42,"column":9},"end":{"line":51,"column":10}},"18":{"start":{"line":43,"column":32},"end":{"line":43,"column":86}},"19":{"start":{"line":44,"column":9},"end":{"line":48,"column":10}},"20":{"start":{"line":45,"column":9},"end":{"line":45,"column":50}},"21":{"start":{"line":47,"column":9},"end":{"line":47,"column":62}},"22":{"start":{"line":50,"column":9},"end":{"line":50,"column":66}}},"fnMap":{"0":{"name":"(anonymous_0)","decl":{"start":{"line":4,"column":23},"end":{"line":4,"column":24}},"loc":{"start":{"line":4,"column":40},"end":{"line":7,"column":4}},"line":4},"1":{"name":"(anonymous_1)","decl":{"start":{"line":10,"column":23},"end":{"line":10,"column":24}},"loc":{"start":{"line":10,"column":41},"end":{"line":24,"column":2}},"line":10},"2":{"name":"(anonymous_2)","decl":{"start":{"line":26,"column":28},"end":{"line":26,"column":29}},"loc":{"start":{"line":26,"column":46},"end":{"line":38,"column":7}},"line":26},"3":{"name":"(anonymous_3)","decl":{"start":{"line":41,"column":28},"end":{"line":41,"column":29}},"loc":{"start":{"line":41,"column":48},"end":{"line":52,"column":10}},"line":41}},"branchMap":{"0":{"loc":{"start":{"line":29,"column":6},"end":{"line":33,"column":7}},"type":"if","locations":[{"start":{"line":29,"column":6},"end":{"line":33,"column":7}},{"start":{"line":31,"column":11},"end":{"line":33,"column":7}}],"line":29},"1":{"loc":{"start":{"line":44,"column":9},"end":{"line":48,"column":10}},"type":"if","locations":[{"start":{"line":44,"column":9},"end":{"line":48,"column":10}},{"start":{"line":46,"column":16},"end":{"line":48,"column":10}}],"line":44}},"s":{"0":1,"1":0,"2":0,"3":1,"4":0,"5":0,"6":0,"7":0,"8":0,"9":1,"10":0,"11":0,"12":0,"13":0,"14":0,"15":0,"16":1,"17":0,"18":0,"19":0,"20":0,"21":0,"22":0},"f":{"0":0,"1":0,"2":0,"3":0},"b":{"0":[0,0],"1":[0,0]},"_coverageSchema":"1a1c01bbd47fc00a2c39e90264f33305004495a9","hash":"03b41d446930c634a1bc81ee91a8f4e737773cc7"}
,"C:\\Users\\Tengera\\Documents\\ft-node-endpoints\\learn-express\\src\\controler\\signupControler.js": {"path":"C:\\Users\\Tengera\\Documents\\ft-node-endpoints\\learn-express\\src\\controler\\signupControler.js","statementMap":{"0":{"start":{"line":3,"column":24},"end":{"line":6,"column":1}},"1":{"start":{"line":4,"column":23},"end":{"line":4,"column":48}},"2":{"start":{"line":5,"column":2},"end":{"line":5,"column":25}},"3":{"start":{"line":8,"column":25},"end":{"line":31,"column":1}},"4":{"start":{"line":9,"column":20},"end":{"line":9,"column":73}},"5":{"start":{"line":12,"column":4},"end":{"line":17,"column":5}},"6":{"start":{"line":13,"column":6},"end":{"line":15,"column":5}},"7":{"start":{"line":14,"column":8},"end":{"line":14,"column":93}},"8":{"start":{"line":16,"column":8},"end":{"line":16,"column":96}},"9":{"start":{"line":20,"column":22},"end":{"line":26,"column":4}},"10":{"start":{"line":28,"column":2},"end":{"line":28,"column":27}},"11":{"start":{"line":29,"column":2},"end":{"line":29,"column":17}},"12":{"start":{"line":30,"column":2},"end":{"line":30,"column":24}},"13":{"start":{"line":33,"column":23},"end":{"line":45,"column":1}},"14":{"start":{"line":34,"column":2},"end":{"line":44,"column":3}},"15":{"start":{"line":35,"column":24},"end":{"line":35,"column":74}},"16":{"start":{"line":37,"column":4},"end":{"line":41,"column":5}},"17":{"start":{"line":38,"column":6},"end":{"line":38,"column":28}},"18":{"start":{"line":40,"column":6},"end":{"line":40,"column":37}},"19":{"start":{"line":43,"column":4},"end":{"line":43,"column":48}}},"fnMap":{"0":{"name":"(anonymous_0)","decl":{"start":{"line":3,"column":24},"end":{"line":3,"column":25}},"loc":{"start":{"line":3,"column":44},"end":{"line":6,"column":1}},"line":3},"1":{"name":"(anonymous_1)","decl":{"start":{"line":8,"column":25},"end":{"line":8,"column":26}},"loc":{"start":{"line":8,"column":45},"end":{"line":31,"column":1}},"line":8},"2":{"name":"(anonymous_2)","decl":{"start":{"line":33,"column":23},"end":{"line":33,"column":24}},"loc":{"start":{"line":33,"column":43},"end":{"line":45,"column":1}},"line":33}},"branchMap":{"0":{"loc":{"start":{"line":12,"column":4},"end":{"line":17,"column":5}},"type":"if","locations":[{"start":{"line":12,"column":4},"end":{"line":17,"column":5}},{"start":{},"end":{}}],"line":12},"1":{"loc":{"start":{"line":13,"column":6},"end":{"line":15,"column":5}},"type":"if","locations":[{"start":{"line":13,"column":6},"end":{"line":15,"column":5}},{"start":{},"end":{}}],"line":13},"2":{"loc":{"start":{"line":37,"column":4},"end":{"line":41,"column":5}},"type":"if","locations":[{"start":{"line":37,"column":4},"end":{"line":41,"column":5}},{"start":{"line":39,"column":11},"end":{"line":41,"column":5}}],"line":37}},"s":{"0":1,"1":0,"2":0,"3":1,"4":0,"5":0,"6":0,"7":0,"8":0,"9":0,"10":0,"11":0,"12":0,"13":1,"14":0,"15":0,"16":0,"17":0,"18":0,"19":0},"f":{"0":0,"1":0,"2":0},"b":{"0":[0,0],"1":[0,0],"2":[0,0]},"_coverageSchema":"1a1c01bbd47fc00a2c39e90264f33305004495a9","hash":"3c30216e9a685c3114ba4869489fc46e72ec0bce"}
,"C:\\Users\\Tengera\\Documents\\ft-node-endpoints\\learn-express\\src\\models\\Blog.js": {"path":"C:\\Users\\Tengera\\Documents\\ft-node-endpoints\\learn-express\\src\\models\\Blog.js","statementMap":{"0":{"start":{"line":5,"column":18},"end":{"line":13,"column":5}},"1":{"start":{"line":15,"column":23},"end":{"line":15,"column":44}}},"fnMap":{},"branchMap":{},"s":{"0":1,"1":1},"f":{},"b":{},"_coverageSchema":"1a1c01bbd47fc00a2c39e90264f33305004495a9","hash":"dfb3c6045addf5660d13fe8b6dd24aee98aeb68d"}
,"C:\\Users\\Tengera\\Documents\\ft-node-endpoints\\learn-express\\src\\models\\comment.js": {"path":"C:\\Users\\Tengera\\Documents\\ft-node-endpoints\\learn-express\\src\\models\\comment.js","statementMap":{"0":{"start":{"line":5,"column":17},"end":{"line":12,"column":4}},"1":{"start":{"line":14,"column":31},"end":{"line":14,"column":55}}},"fnMap":{},"branchMap":{},"s":{"0":1,"1":1},"f":{},"b":{},"_coverageSchema":"1a1c01bbd47fc00a2c39e90264f33305004495a9","hash":"17ed9c9fd2d0761b87257bf0d2802a2dd1c34987"}
,"C:\\Users\\Tengera\\Documents\\ft-node-endpoints\\learn-express\\src\\models\\message.js": {"path":"C:\\Users\\Tengera\\Documents\\ft-node-endpoints\\learn-express\\src\\models\\message.js","statementMap":{"0":{"start":{"line":4,"column":17},"end":{"line":8,"column":4}},"1":{"start":{"line":11,"column":25},"end":{"line":11,"column":49}}},"fnMap":{},"branchMap":{},"s":{"0":1,"1":1},"f":{},"b":{},"_coverageSchema":"1a1c01bbd47fc00a2c39e90264f33305004495a9","hash":"106fe95353bb000dd88b9aa899b71ad645f3fe73"}
,"C:\\Users\\Tengera\\Documents\\ft-node-endpoints\\learn-express\\src\\models\\signup.js": {"path":"C:\\Users\\Tengera\\Documents\\ft-node-endpoints\\learn-express\\src\\models\\signup.js","statementMap":{"0":{"start":{"line":4,"column":17},"end":{"line":11,"column":4}},"1":{"start":{"line":13,"column":30},"end":{"line":13,"column":53}}},"fnMap":{},"branchMap":{},"s":{"0":1,"1":1},"f":{},"b":{},"_coverageSchema":"1a1c01bbd47fc00a2c39e90264f33305004495a9","hash":"f97684701ee32a3982754fc223ee6ca5b8e58dcd"}
,"C:\\Users\\Tengera\\Documents\\ft-node-endpoints\\learn-express\\src\\routes\\blogRoutes.js": {"path":"C:\\Users\\Tengera\\Documents\\ft-node-endpoints\\learn-express\\src\\routes\\blogRoutes.js","statementMap":{"0":{"start":{"line":4,"column":21},"end":{"line":4,"column":29}},"1":{"start":{"line":14,"column":2},"end":{"line":14,"column":31}},"2":{"start":{"line":15,"column":2},"end":{"line":15,"column":60}},"3":{"start":{"line":16,"column":2},"end":{"line":16,"column":39}},"4":{"start":{"line":17,"column":2},"end":{"line":17,"column":48}},"5":{"start":{"line":18,"column":2},"end":{"line":18,"column":76}},"6":{"start":{"line":19,"column":2},"end":{"line":19,"column":52}},"7":{"start":{"line":20,"column":2},"end":{"line":20,"column":38}},"8":{"start":{"line":21,"column":2},"end":{"line":21,"column":46}},"9":{"start":{"line":23,"column":2},"end":{"line":23,"column":48}},"10":{"start":{"line":24,"column":2},"end":{"line":25,"column":50}}},"fnMap":{},"branchMap":{},"s":{"0":1,"1":1,"2":1,"3":1,"4":1,"5":1,"6":1,"7":1,"8":1,"9":1,"10":1},"f":{},"b":{},"_coverageSchema":"1a1c01bbd47fc00a2c39e90264f33305004495a9","hash":"ca58d8600d3f0c34fc8eb91a1fb430b6851cdc1d"}
,"C:\\Users\\Tengera\\Documents\\ft-node-endpoints\\learn-express\\src\\routes\\commentRouter.js": {"path":"C:\\Users\\Tengera\\Documents\\ft-node-endpoints\\learn-express\\src\\routes\\commentRouter.js","statementMap":{"0":{"start":{"line":4,"column":24},"end":{"line":4,"column":32}},"1":{"start":{"line":13,"column":2},"end":{"line":13,"column":57}},"2":{"start":{"line":14,"column":2},"end":{"line":14,"column":36}},"3":{"start":{"line":15,"column":2},"end":{"line":15,"column":44}}},"fnMap":{},"branchMap":{},"s":{"0":1,"1":1,"2":1,"3":1},"f":{},"b":{},"_coverageSchema":"1a1c01bbd47fc00a2c39e90264f33305004495a9","hash":"21e477fdcb5f9b0eb9e97d5d8b3af2f9d3474214"}
,"C:\\Users\\Tengera\\Documents\\ft-node-endpoints\\learn-express\\src\\routes\\loginRoutes.js": {"path":"C:\\Users\\Tengera\\Documents\\ft-node-endpoints\\learn-express\\src\\routes\\loginRoutes.js","statementMap":{"0":{"start":{"line":5,"column":23},"end":{"line":5,"column":31}},"1":{"start":{"line":9,"column":3},"end":{"line":9,"column":40}}},"fnMap":{},"branchMap":{},"s":{"0":1,"1":1},"f":{},"b":{},"_coverageSchema":"1a1c01bbd47fc00a2c39e90264f33305004495a9","hash":"7b21a0f927dc9476fd841548c6a5d93c89e55d3f"}
,"C:\\Users\\Tengera\\Documents\\ft-node-endpoints\\learn-express\\src\\routes\\messageRoutes.js": {"path":"C:\\Users\\Tengera\\Documents\\ft-node-endpoints\\learn-express\\src\\routes\\messageRoutes.js","statementMap":{"0":{"start":{"line":4,"column":25},"end":{"line":4,"column":33}},"1":{"start":{"line":9,"column":3},"end":{"line":9,"column":36}},"2":{"start":{"line":10,"column":3},"end":{"line":10,"column":66}},"3":{"start":{"line":11,"column":3},"end":{"line":11,"column":46}},"4":{"start":{"line":12,"column":3},"end":{"line":12,"column":93}}},"fnMap":{},"branchMap":{},"s":{"0":1,"1":1,"2":1,"3":1,"4":1},"f":{},"b":{},"_coverageSchema":"1a1c01bbd47fc00a2c39e90264f33305004495a9","hash":"e52457acb3cb7b4dbe20ab31b8e4edddfddc9fba"}
,"C:\\Users\\Tengera\\Documents\\ft-node-endpoints\\learn-express\\src\\routes\\signupRoutes.js": {"path":"C:\\Users\\Tengera\\Documents\\ft-node-endpoints\\learn-express\\src\\routes\\signupRoutes.js","statementMap":{"0":{"start":{"line":3,"column":23},"end":{"line":3,"column":31}},"1":{"start":{"line":8,"column":2},"end":{"line":8,"column":39}},"2":{"start":{"line":9,"column":2},"end":{"line":9,"column":68}},"3":{"start":{"line":10,"column":2},"end":{"line":10,"column":42}}},"fnMap":{},"branchMap":{},"s":{"0":1,"1":1,"2":1,"3":1},"f":{},"b":{},"_coverageSchema":"1a1c01bbd47fc00a2c39e90264f33305004495a9","hash":"2b0ca338c12b5a194276dd7ec24aa2cbf6ea5741"}
,"C:\\Users\\Tengera\\Documents\\ft-node-endpoints\\learn-express\\src\\routes\\imgConfig\\claudinary.js": {"path":"C:\\Users\\Tengera\\Documents\\ft-node-endpoints\\learn-express\\src\\routes\\imgConfig\\claudinary.js","statementMap":{"0":{"start":{"line":5,"column":2},"end":{"line":9,"column":4}},"1":{"start":{"line":10,"column":19},"end":{"line":17,"column":4}},"2":{"start":{"line":18,"column":18},"end":{"line":18,"column":46}}},"fnMap":{},"branchMap":{},"s":{"0":1,"1":1,"2":1},"f":{},"b":{},"_coverageSchema":"1a1c01bbd47fc00a2c39e90264f33305004495a9","hash":"d544edfc9d7dae23ae8b0709b7477fc3b60fa981"}
,"C:\\Users\\Tengera\\Documents\\ft-node-endpoints\\learn-express\\src\\validation\\commentValidation.js": {"path":"C:\\Users\\Tengera\\Documents\\ft-node-endpoints\\learn-express\\src\\validation\\commentValidation.js","statementMap":{"0":{"start":{"line":5,"column":28},"end":{"line":10,"column":5}}},"fnMap":{},"branchMap":{},"s":{"0":1},"f":{},"b":{},"_coverageSchema":"1a1c01bbd47fc00a2c39e90264f33305004495a9","hash":"ec18b91b25a49c2e0edcaf3640bda81602151dee"}
,"C:\\Users\\Tengera\\Documents\\ft-node-endpoints\\learn-express\\src\\validation\\loginValidation.js": {"path":"C:\\Users\\Tengera\\Documents\\ft-node-endpoints\\learn-express\\src\\validation\\loginValidation.js","statementMap":{"0":{"start":{"line":4,"column":26},"end":{"line":7,"column":4}}},"fnMap":{},"branchMap":{},"s":{"0":1},"f":{},"b":{},"_coverageSchema":"1a1c01bbd47fc00a2c39e90264f33305004495a9","hash":"71304f6fa953c60f2377d4a8d0436f2b70e9e8ee"}
,"C:\\Users\\Tengera\\Documents\\ft-node-endpoints\\learn-express\\src\\validation\\messagevalidation.js": {"path":"C:\\Users\\Tengera\\Documents\\ft-node-endpoints\\learn-express\\src\\validation\\messagevalidation.js","statementMap":{"0":{"start":{"line":4,"column":27},"end":{"line":8,"column":4}},"1":{"start":{"line":10,"column":34},"end":{"line":10,"column":50}}},"fnMap":{},"branchMap":{},"s":{"0":1,"1":1},"f":{},"b":{},"_coverageSchema":"1a1c01bbd47fc00a2c39e90264f33305004495a9","hash":"4694002f64028622ec34d9e388e1b781f573b55c"}
,"C:\\Users\\Tengera\\Documents\\ft-node-endpoints\\learn-express\\src\\validation\\signupValidation.js": {"path":"C:\\Users\\Tengera\\Documents\\ft-node-endpoints\\learn-express\\src\\validation\\signupValidation.js","statementMap":{"0":{"start":{"line":4,"column":27},"end":{"line":10,"column":4}},"1":{"start":{"line":13,"column":34},"end":{"line":13,"column":50}}},"fnMap":{},"branchMap":{},"s":{"0":1,"1":1},"f":{},"b":{},"_coverageSchema":"1a1c01bbd47fc00a2c39e90264f33305004495a9","hash":"228c15ccfadb8f1e3cd9bc13cbde006aab0a4e35"}
,"C:\\Users\\Tengera\\Documents\\ft-node-endpoints\\learn-express\\src\\validationMiddleware\\validate.js": {"path":"C:\\Users\\Tengera\\Documents\\ft-node-endpoints\\learn-express\\src\\validationMiddleware\\validate.js","statementMap":{"0":{"start":{"line":15,"column":19},"end":{"line":22,"column":3}},"1":{"start":{"line":15,"column":30},"end":{"line":22,"column":3}},"2":{"start":{"line":16,"column":22},"end":{"line":16,"column":46}},"3":{"start":{"line":17,"column":4},"end":{"line":21,"column":5}},"4":{"start":{"line":18,"column":6},"end":{"line":18,"column":66}},"5":{"start":{"line":20,"column":6},"end":{"line":20,"column":13}}},"fnMap":{"0":{"name":"(anonymous_0)","decl":{"start":{"line":15,"column":19},"end":{"line":15,"column":20}},"loc":{"start":{"line":15,"column":30},"end":{"line":22,"column":3}},"line":15},"1":{"name":"(anonymous_1)","decl":{"start":{"line":15,"column":30},"end":{"line":15,"column":31}},"loc":{"start":{"line":15,"column":50},"end":{"line":22,"column":3}},"line":15}},"branchMap":{"0":{"loc":{"start":{"line":17,"column":4},"end":{"line":21,"column":5}},"type":"if","locations":[{"start":{"line":17,"column":4},"end":{"line":21,"column":5}},{"start":{"line":19,"column":11},"end":{"line":21,"column":5}}],"line":17}},"s":{"0":1,"1":3,"2":1,"3":1,"4":1,"5":0},"f":{"0":3,"1":1},"b":{"0":[1,0]},"_coverageSchema":"1a1c01bbd47fc00a2c39e90264f33305004495a9","hash":"deba652dc984e9909f826cf0caf5738f4271a4f3"}
}
