TN:
SF:src\index.js
FN:19,(anonymous_0)
FN:31,(anonymous_1)
FN:33,(anonymous_2)
FN:53,(anonymous_3)
FNF:4
FNH:2
FNDA:1,(anonymous_0)
FNDA:0,(anonymous_1)
FNDA:0,(anonymous_2)
FNDA:1,(anonymous_3)
DA:16,1
DA:17,1
DA:21,1
DA:24,1
DA:25,1
DA:26,1
DA:31,1
DA:33,0
DA:34,0
DA:35,0
DA:37,0
DA:38,0
DA:40,0
DA:45,1
DA:46,1
DA:47,1
DA:48,1
DA:49,1
DA:53,1
DA:54,1
LF:20
LH:14
BRDA:34,0,0,0
BRDA:34,0,1,0
BRDA:37,1,0,0
BRDA:37,1,1,0
BRF:4
BRH:0
end_of_record
TN:
SF:src\controler\blogControler.js
FN:7,(anonymous_0)
FN:14,(anonymous_1)
FN:38,(anonymous_2)
FN:48,(anonymous_3)
FN:75,(anonymous_4)
FN:105,(anonymous_5)
FNF:6
FNH:5
FNDA:1,(anonymous_0)
FNDA:1,(anonymous_1)
FNDA:1,(anonymous_2)
FNDA:3,(anonymous_3)
FNDA:0,(anonymous_4)
FNDA:1,(anonymous_5)
DA:7,1
DA:8,1
DA:10,1
DA:14,1
DA:15,1
DA:16,1
DA:17,1
DA:18,0
DA:19,0
DA:21,0
DA:28,0
DA:29,0
DA:33,0
DA:38,1
DA:39,1
DA:45,1
DA:48,1
DA:49,3
DA:50,3
DA:51,1
DA:52,0
DA:54,1
DA:57,2
DA:75,1
DA:76,0
DA:77,0
DA:78,0
DA:79,0
DA:82,0
DA:83,0
DA:86,0
DA:87,0
DA:90,0
DA:91,0
DA:94,0
DA:95,0
DA:98,0
DA:99,0
DA:101,0
DA:105,1
DA:106,1
DA:107,1
DA:108,1
DA:109,0
DA:111,1
DA:112,1
DA:115,0
LF:47
LH:23
BRDA:16,0,0,1
BRDA:16,0,1,0
BRDA:16,1,0,1
BRDA:16,1,1,0
BRDA:16,1,2,0
BRDA:18,2,0,0
BRDA:18,2,1,0
BRDA:51,3,0,0
BRDA:51,3,1,1
BRDA:78,4,0,0
BRDA:78,4,1,0
BRDA:82,5,0,0
BRDA:82,5,1,0
BRDA:86,6,0,0
BRDA:86,6,1,0
BRDA:90,7,0,0
BRDA:90,7,1,0
BRDA:94,8,0,0
BRDA:94,8,1,0
BRDA:108,9,0,0
BRDA:108,9,1,1
BRF:21
BRH:4
end_of_record
TN:
SF:src\controler\commentControler.js
FN:5,(anonymous_0)
FN:12,(anonymous_1)
FN:26,(anonymous_2)
FN:36,(anonymous_3)
FN:53,(anonymous_4)
FNF:5
FNH:5
FNDA:1,(anonymous_0)
FNDA:1,(anonymous_1)
FNDA:1,(anonymous_2)
FNDA:1,(anonymous_3)
FNDA:1,(anonymous_4)
DA:5,1
DA:7,1
DA:8,1
DA:12,1
DA:14,1
DA:20,1
DA:22,1
DA:26,1
DA:28,1
DA:31,1
DA:36,1
DA:37,1
DA:38,1
DA:40,1
DA:41,0
DA:44,1
DA:49,0
DA:53,1
DA:54,1
DA:55,1
DA:56,1
DA:58,1
DA:63,0
DA:67,0
LF:24
LH:20
BRDA:40,0,0,0
BRDA:40,0,1,1
BRDA:56,1,0,1
BRDA:56,1,1,0
BRF:4
BRH:2
end_of_record
TN:
SF:src\controler\loginControler.js
FN:6,(anonymous_0)
FNF:1
FNH:0
FNDA:0,(anonymous_0)
DA:6,1
DA:8,0
DA:9,0
DA:11,0
DA:12,0
DA:13,0
DA:14,0
DA:16,0
DA:21,0
LF:9
LH:1
BRDA:11,0,0,0
BRDA:11,0,1,0
BRF:2
BRH:0
end_of_record
TN:
SF:src\controler\messageControler.js
FN:4,(anonymous_0)
FN:10,(anonymous_1)
FN:26,(anonymous_2)
FN:41,(anonymous_3)
FNF:4
FNH:4
FNDA:1,(anonymous_0)
FNDA:1,(anonymous_1)
FNDA:2,(anonymous_2)
FNDA:2,(anonymous_3)
DA:4,1
DA:5,1
DA:6,1
DA:10,1
DA:11,1
DA:12,1
DA:17,1
DA:18,1
DA:21,0
DA:26,1
DA:27,2
DA:28,2
DA:29,1
DA:30,1
DA:32,0
DA:36,1
DA:41,1
DA:42,2
DA:43,2
DA:44,1
DA:45,1
DA:47,0
DA:50,1
LF:23
LH:20
BRDA:29,0,0,1
BRDA:29,0,1,0
BRDA:44,1,0,1
BRDA:44,1,1,0
BRF:4
BRH:2
end_of_record
TN:
SF:src\controler\signupControler.js
FN:3,(anonymous_0)
FN:8,(anonymous_1)
FN:33,(anonymous_2)
FNF:3
FNH:2
FNDA:1,(anonymous_0)
FNDA:0,(anonymous_1)
FNDA:2,(anonymous_2)
DA:3,1
DA:4,1
DA:5,1
DA:8,1
DA:9,0
DA:12,0
DA:13,0
DA:14,0
DA:16,0
DA:20,0
DA:28,0
DA:29,0
DA:30,0
DA:33,1
DA:34,2
DA:35,2
DA:37,1
DA:38,1
DA:40,0
DA:43,1
LF:20
LH:10
BRDA:12,0,0,0
BRDA:12,0,1,0
BRDA:13,1,0,0
BRDA:13,1,1,0
BRDA:37,2,0,1
BRDA:37,2,1,0
BRF:6
BRH:1
end_of_record
TN:
SF:src\models\Blog.js
FNF:0
FNH:0
DA:5,1
DA:15,1
LF:2
LH:2
BRF:0
BRH:0
end_of_record
TN:
SF:src\models\comment.js
FNF:0
FNH:0
DA:5,1
DA:14,1
LF:2
LH:2
BRF:0
BRH:0
end_of_record
TN:
SF:src\models\message.js
FNF:0
FNH:0
DA:4,1
DA:11,1
LF:2
LH:2
BRF:0
BRH:0
end_of_record
TN:
SF:src\models\signup.js
FNF:0
FNH:0
DA:4,1
DA:13,1
LF:2
LH:2
BRF:0
BRH:0
end_of_record
TN:
SF:src\routes\blogRoutes.js
FNF:0
FNH:0
DA:4,1
DA:14,1
DA:16,1
DA:17,1
DA:18,1
DA:19,1
DA:20,1
DA:21,1
DA:22,1
LF:9
LH:9
BRF:0
BRH:0
end_of_record
TN:
SF:src\routes\commentRouter.js
FNF:0
FNH:0
DA:4,1
DA:13,1
DA:14,1
DA:15,1
LF:4
LH:4
BRF:0
BRH:0
end_of_record
TN:
SF:src\routes\loginRoutes.js
FNF:0
FNH:0
DA:5,1
DA:7,1
LF:2
LH:2
BRF:0
BRH:0
end_of_record
TN:
SF:src\routes\messageRoutes.js
FNF:0
FNH:0
DA:4,1
DA:9,1
DA:10,1
DA:11,1
DA:12,1
LF:5
LH:5
BRF:0
BRH:0
end_of_record
TN:
SF:src\routes\signupRoutes.js
FNF:0
FNH:0
DA:3,1
DA:8,1
DA:9,1
DA:10,1
LF:4
LH:4
BRF:0
BRH:0
end_of_record
TN:
SF:src\routes\imgConfig\claudinary.js
FNF:0
FNH:0
DA:5,1
DA:10,1
DA:18,1
LF:3
LH:3
BRF:0
BRH:0
end_of_record
TN:
SF:src\validation\commentValidation.js
FNF:0
FNH:0
DA:5,1
LF:1
LH:1
BRF:0
BRH:0
end_of_record
TN:
SF:src\validation\messagevalidation.js
FNF:0
FNH:0
DA:4,1
DA:10,1
LF:2
LH:2
BRF:0
BRH:0
end_of_record
TN:
SF:src\validation\signupValidation.js
FNF:0
FNH:0
DA:4,1
DA:13,1
LF:2
LH:2
BRF:0
BRH:0
end_of_record
TN:
SF:src\validationMiddleware\validate.js
FN:15,(anonymous_0)
FN:15,(anonymous_1)
FNF:2
FNH:2
FNDA:3,(anonymous_0)
FNDA:3,(anonymous_1)
DA:15,3
DA:16,3
DA:17,3
DA:18,1
DA:20,2
LF:5
LH:5
BRDA:17,0,0,1
BRDA:17,0,1,2
BRF:2
BRH:2
end_of_record
